
START - automation started - Wed Feb 17 2021 17:49:26 GMT-0300 (Hora Padrão de Buenos Aires)

LIVE MODE - type done to quit
 [RPA][STARTED]
[RPA][0] - listening for inputs
[RPA][1] - https://premioambiental.sfiec.org.br/login
[RPA][1] - listening for inputs
[RPA][2] - exist_result = exist('login').toString()
[RPA][2] - listening for inputs
[RPA][3] - dump exist_result to rpa_python.txt
[RPA][3] - listening for inputs
[RPA][4] - type login as adm
[RPA][4] - listening for inputs
[RPA][5] - exist_result = exist('senha').toString()
[RPA][5] - listening for inputs
[RPA][6] - dump exist_result to rpa_python.txt
[RPA][6] - listening for inputs
[RPA][7] - type senha as 123456
[RPA][7] - listening for inputs
[RPA][8] - exist_result = exist('perfil').toString()
[RPA][8] - listening for inputs
[RPA][9] - dump exist_result to rpa_python.txt
[RPA][9] - listening for inputs
[RPA][10] - type perfil as Administrador
[RPA][10] - listening for inputs
